<?xml version="1.0" encoding="UTF-8"?>
<!-- Generated by org.testng.reporters.JUnitReportReporter -->
<testsuite hostname="rahul-HP-Pavilion-x360-Convertible-14-ba0xx" failures="0" tests="1" name="Booksunit.Book.Home" time="16.743" errors="0" timestamp="2021-08-23T23:19:42 IST" skipped="0">
  <testcase classname="Booksunit.Book.Home" name="Basepagenavigation" time="16.743"/>
  <system-out/>
</testsuite> <!-- Booksunit.Book.Home -->
