<?xml version="1.0" encoding="UTF-8"?>
<!-- Generated by org.testng.reporters.JUnitReportReporter -->
<testsuite hostname="rahul-HP-Pavilion-x360-Convertible-14-ba0xx" failures="0" tests="1" name="Booksunit.Book.SetGrade" time="4.459" errors="0" timestamp="2021-08-26T21:11:19 IST" skipped="0">
  <testcase classname="Booksunit.Book.SetGrade" name="Basepagenavigation" time="4.459"/>
  <system-out/>
</testsuite> <!-- Booksunit.Book.SetGrade -->
